<?xml version="1.0" encoding="UTF-8"?>
<Site BuildName="(empty)"
	BuildStamp="20230701-0404-Experimental"
	Name="shuli-virtual-machine"
	Generator="ctest-3.16.3"
	CompilerName="/usr/bin/g++-10"
	CompilerVersion="10.3.0"
	OSName="Linux"
	Hostname="shuli-virtual-machine"
	OSRelease="5.15.0-76-generic"
	OSVersion="#83~20.04.1-Ubuntu SMP Wed Jun 21 20:23:31 UTC 2023"
	OSPlatform="x86_64"
	Is64Bits="1"
	VendorString="GenuineIntel"
	VendorID="Intel Corporation"
	FamilyID="6"
	ModelID="154"
	ProcessorCacheSize="12288"
	NumberOfLogicalCPU="8"
	NumberOfPhysicalCPU="8"
	TotalVirtualMemory="1682"
	TotalPhysicalMemory="10469"
	LogicalProcessorsPerPhysical="1"
	ProcessorClockFrequency="2112"
	>
	<Testing>
		<StartDateTime>Jul 01 12:24 CST</StartDateTime>
		<StartTestTime>1688185488</StartTestTime>
		<TestList/>
		<EndDateTime>Jul 01 12:24 CST</EndDateTime>
		<EndTestTime>1688185488</EndTestTime>
		<ElapsedMinutes>0</ElapsedMinutes>
	</Testing>
</Site>
